<?xml version="1.0" encoding="UTF-8"?>
<!-- Generated by org.testng.reporters.JUnitReportReporter -->
<testsuite hostname="BA-000311899" failures="0" tests="6" name="Automation.Zuora.TestCases.ZoruaTestCases" time="117.694" errors="0" timestamp="2023-11-23T15:01:14 IST" skipped="0">
  <testcase classname="Automation.Zuora.TestCases.ZoruaTestCases" name="loginPage" time="2.994"/>
  <system-out>
    <![CDATA[userName
passWord
checkBox
sign]]>
  </system-out>
  <testcase classname="Automation.Zuora.TestCases.ZoruaTestCases" name="sandbox" time="14.730"/>
  <system-out>
    <![CDATA[myApps
sandBox]]>
  </system-out>
  <testcase classname="Automation.Zuora.TestCases.ZoruaTestCases" name="customerDetails" time="8.894"/>
  <system-out/>
  <testcase classname="Automation.Zuora.TestCases.ZoruaTestCases" name="accountDetails" time="0.328"/>
  <system-out/>
  <testcase classname="Automation.Zuora.TestCases.ZoruaTestCases" name="accountingCreate" time="18.168"/>
  <system-out/>
  <testcase classname="Automation.Zuora.TestCases.ZoruaTestCases" name="orderPage" time="72.580"/>
  <system-out/>
</testsuite> <!-- Automation.Zuora.TestCases.ZoruaTestCases -->
