<?xml version="1.0" encoding="UTF-8"?>
<!-- Generated by org.testng.reporters.JUnitReportReporter -->
<testsuite hostname="BA-000311899" failures="0" tests="6" name="Automation.Zuora.TestCases.ZoruaTestCases" time="120.091" errors="0" timestamp="2023-10-17T09:48:41 IST" skipped="0">
  <testcase classname="Automation.Zuora.TestCases.ZoruaTestCases" name="loginPage" time="3.012"/>
  <system-out>
    <![CDATA[userName
passWord
checkBox
sign]]>
  </system-out>
  <testcase classname="Automation.Zuora.TestCases.ZoruaTestCases" name="sandbox" time="14.633"/>
  <system-out>
    <![CDATA[myApps
sandBox]]>
  </system-out>
  <testcase classname="Automation.Zuora.TestCases.ZoruaTestCases" name="customerDetails" time="9.419"/>
  <system-out/>
  <testcase classname="Automation.Zuora.TestCases.ZoruaTestCases" name="accountDetails" time="0.313"/>
  <system-out/>
  <testcase classname="Automation.Zuora.TestCases.ZoruaTestCases" name="accountingCreate" time="19.626"/>
  <system-out/>
  <testcase classname="Automation.Zuora.TestCases.ZoruaTestCases" name="orderPage" time="73.088"/>
  <system-out/>
</testsuite> <!-- Automation.Zuora.TestCases.ZoruaTestCases -->
