<?xml version="1.0" encoding="UTF-8"?>
<!-- Generated by org.testng.reporters.JUnitReportReporter -->
<testsuite hostname="BA-000311899" failures="0" tests="2" name="Automation.Workday.TestCases.ZoruaTestCases" time="11.859" errors="0" timestamp="2023-10-10T15:53:59 IST" skipped="0">
  <testcase classname="Automation.Workday.TestCases.ZoruaTestCases" name="loginPage" time="2.582"/>
  <system-out>
    <![CDATA[userName
passWord
checkBox
sign]]>
  </system-out>
  <testcase classname="Automation.Workday.TestCases.ZoruaTestCases" name="sandbox" time="9.277"/>
  <system-out>
    <![CDATA[myApps
sandBox]]>
  </system-out>
</testsuite> <!-- Automation.Workday.TestCases.ZoruaTestCases -->
