<?xml version="1.0" encoding="UTF-8"?>
<!-- Generated by org.testng.reporters.JUnitReportReporter -->
<testsuite hostname="BA-000311899" failures="0" tests="6" name="Automation.Zuora.TestCases.ZoruaTestCases" time="119.693" errors="0" timestamp="2023-10-13T12:51:10 IST" skipped="0">
  <testcase classname="Automation.Zuora.TestCases.ZoruaTestCases" name="loginPage" time="2.855"/>
  <system-out>
    <![CDATA[userName
passWord
checkBox
sign]]>
  </system-out>
  <testcase classname="Automation.Zuora.TestCases.ZoruaTestCases" name="sandbox" time="14.642"/>
  <system-out>
    <![CDATA[myApps
sandBox]]>
  </system-out>
  <testcase classname="Automation.Zuora.TestCases.ZoruaTestCases" name="customerDetails" time="9.190"/>
  <system-out/>
  <testcase classname="Automation.Zuora.TestCases.ZoruaTestCases" name="accountDetails" time="0.488"/>
  <system-out/>
  <testcase classname="Automation.Zuora.TestCases.ZoruaTestCases" name="accountingCreate" time="19.567"/>
  <system-out/>
  <testcase classname="Automation.Zuora.TestCases.ZoruaTestCases" name="orderPage" time="72.951"/>
  <system-out/>
</testsuite> <!-- Automation.Zuora.TestCases.ZoruaTestCases -->
