<?xml version="1.0" encoding="UTF-8"?>
<!-- Generated by org.testng.reporters.JUnitReportReporter -->
<testsuite hostname="BA-000311899" failures="0" tests="1" name="Automation.Workday.Zorua" time="0.013" errors="0" timestamp="2023-10-10T14:22:57 IST" skipped="0">
  <testcase classname="Automation.Workday.Zorua" name="loginPage" time="0.013"/>
</testsuite> <!-- Automation.Workday.Zorua -->
