<?xml version="1.0" encoding="UTF-8"?>
<!-- Generated by org.testng.reporters.JUnitReportReporter -->
<testsuite hostname="BA-000311899" failures="0" tests="4" name="Automation.Workday.TestCases.ZoruaTestCases" time="26.318" errors="0" timestamp="2023-10-11T15:43:32 IST" skipped="0">
  <testcase classname="Automation.Workday.TestCases.ZoruaTestCases" name="loginPage" time="2.677"/>
  <system-out>
    <![CDATA[userName
passWord
checkBox
sign]]>
  </system-out>
  <testcase classname="Automation.Workday.TestCases.ZoruaTestCases" name="sandbox" time="14.363"/>
  <system-out>
    <![CDATA[myApps
sandBox]]>
  </system-out>
  <testcase classname="Automation.Workday.TestCases.ZoruaTestCases" name="customerDetails" time="9.113"/>
  <system-out/>
  <testcase classname="Automation.Workday.TestCases.ZoruaTestCases" name="accountDetails" time="0.165"/>
  <system-out/>
</testsuite> <!-- Automation.Workday.TestCases.ZoruaTestCases -->
